[ 2015-01-06T17:41:48+08:00 ] WEB_LOG_DEBUG: （参数：bindname=&username=eric456&email=changsha2007.cool@163.com&mobile=18682011796&time=1420537333&sign=b0737277315da9738f950b714c7d30a2）
[ 2015-01-06T17:45:59+08:00 ] WEB_LOG_DEBUG: （参数：bindname=&username=eric456&email=changsha2007.cool@163.com&mobile=18682011796&time=1420537573&sign=53828750ac3a111cf5b7c10472c8bd08）
[ 2015-01-06T17:50:31+08:00 ] WEB_LOG_DEBUG: （参数：bindname=秒客&username=eric456&email=changsha2007.cool@163.com&mobile=18682011796&time=1420537853&sign=800608ceef9ba2877993c3d2d1bfbe6c）
[ 2015-01-06T18:06:30+08:00 ] WEB_LOG_DEBUG: （参数：bindname=wts_lm789&username=lm789&email=12345789@qq.com&mobile=17722513146&time=1420538775&sign=f720d11b534e9f446ac0d5d306776239）
[ 2015-01-06T18:13:19+08:00 ] WEB_LOG_DEBUG: （参数：bindname=liuming&username=eric456&email=changsha2007.cool@163.com&mobile=18682011796&time=1420539202&sign=470cbce750a5916d0f6ea9dddfa4c5be）
[ 2015-01-06T18:27:27+08:00 ] WEB_LOG_DEBUG: （参数：bindname=wts_liuming&username=liuming&email=willow15249x@outlook.com&mobile=17722513149&time=1420540059&sign=944e5ce846d94c419629a6068bacab03）
[ 2015-01-06T18:38:55+08:00 ] WEB_LOG_DEBUG: （参数：bindname=wts_liuming&username=liuming&email=willow15249x@outlook.com&mobile=17722513149&time=1420540746&sign=b2500bdfd2e3e26a53e752d4680c386d）
[ 2015-01-06T18:39:59+08:00 ] WEB_LOG_DEBUG: （参数：bindname=wts_liuming&username=liuming&email=willow15249x@outlook.com&mobile=17722513149&time=1420540802&sign=b8b1efb722dfaed60c987aeddd486e5c）
[ 2015-01-06T18:40:55+08:00 ] WEB_LOG_DEBUG: （参数：bindname=wts_liuming&username=liuming&email=willow15249x@outlook.com&mobile=17722513149&time=1420540857&sign=6f7456cab6d0d1b41318ff30a78b6934）
[ 2015-01-06T18:40:59+08:00 ] WEB_LOG_DEBUG: （参数：bindname=wts_liuming&username=liuming&email=willow15249x@outlook.com&mobile=17722513149&time=1420540886&sign=e4f6fb1d2ddb8ba6b098d96e734404c5）
[ 2015-01-06T18:41:05+08:00 ] WEB_LOG_DEBUG: （参数：bindname=wts_liuming&username=liuming&email=willow15249x@outlook.com&mobile=17722513149&time=1420540893&sign=c89e80a2139be4c6c049c7d188dbeab2）
[ 2015-01-06T18:43:29+08:00 ] WEB_LOG_DEBUG: （参数：bindname=wts_liuming&username=liuming&email=willow15249x@outlook.com&mobile=17722513149&time=1420541026&sign=5ca857ff9c667577d5847e49b1562059）
[ 2015-01-06T18:58:11+08:00 ] WEB_LOG_DEBUG: （参数：bindname=wts_lm789&username=lm789&email=12345789@qq.com&mobile=17722513146&time=1420541913&sign=98e9fc7c5bb4e5d38da9169cc578333e）
[ 2015-01-06T18:59:08+08:00 ] WEB_LOG_DEBUG: （参数：bindname=wts_lm789&username=lm789&email=12345789@qq.com&mobile=17722513146&time=1420541951&sign=1bed989603df1ed432938b24d01ae31e）
[ 2015-01-06T19:01:03+08:00 ] WEB_LOG_DEBUG: （参数：bindname=wts_liuming&username=liuming&email=willow15249x@outlook.com&mobile=17722513149&time=1420542085&sign=00ceb7099beb65374a637f332a6db481）
[ 2015-01-06T21:25:50+08:00 ] WEB_LOG_DEBUG: （参数：bindname=wts_liuming&username=liuming&email=willow15249x@outlook.com&mobile=17722513149&time=1420550760&sign=99b3f4bc4f515ce86ddc056fab620ce8）
[ 2015-01-06T21:28:25+08:00 ] WEB_LOG_DEBUG: （参数：bindname=wts_liuming&username=liuming&email=willow15249x@outlook.com&mobile=17722513149&time=1420550922&sign=0755ad7d6ba3a300e273efc6ddf36110）
[ 2015-01-06T21:30:06+08:00 ] WEB_LOG_DEBUG: （参数：bindname=wts_liuming&username=liuming&email=willow15249x@outlook.com&mobile=17722513149&time=1420551029&sign=ba74adab5f7ba6d9df969e1f6329fcb1）
[ 2015-01-06T22:07:53+08:00 ] WEB_LOG_DEBUG: （参数：bindname=wts_lm123&username=lm123&email=924320975@qq.com&mobile=13423717971&time=1420553289&sign=2a9565bcef8c0ab14b80f962d7f5ed6b）
[ 2015-01-06T22:08:14+08:00 ] WEB_LOG_DEBUG: （参数：bindname=wts_lm123&username=lm123&email=924320975@qq.com&mobile=13423717971&time=1420553303&sign=f5001b4141290057f9315fbbef0f1679）
[ 2015-01-06T22:09:14+08:00 ] WEB_LOG_DEBUG: （参数：bindname=wts_lm123&username=lm123&email=924320975@qq.com&mobile=13423717971&time=1420553356&sign=92f659c977e0a8cdb06657975057e593）
[ 2015-01-06T22:28:26+08:00 ] WEB_LOG_DEBUG: （参数：bindname=wts_lm123&username=lm123&email=924320975@qq.com&mobile=13423717971&time=1420554527&sign=358a5da94b225bc13f9cbedf470be921）
